2025-02-03 20:11:38,801 INFO o.a.j.u.JMeterUtils: Setting Locale to en_EN
2025-02-03 20:11:38,834 INFO o.a.j.JMeter: Loading user properties from: user.properties
2025-02-03 20:11:38,835 INFO o.a.j.JMeter: Loading system properties from: system.properties
2025-02-03 20:11:38,847 INFO o.a.j.JMeter: Copyright (c) 1998-2024 The Apache Software Foundation
2025-02-03 20:11:38,847 INFO o.a.j.JMeter: Version 5.6.3
2025-02-03 20:11:38,847 INFO o.a.j.JMeter: java.version=21.0.1
2025-02-03 20:11:38,847 INFO o.a.j.JMeter: java.vm.name=OpenJDK 64-Bit Server VM
2025-02-03 20:11:38,847 INFO o.a.j.JMeter: os.name=Windows 11
2025-02-03 20:11:38,847 INFO o.a.j.JMeter: os.arch=amd64
2025-02-03 20:11:38,848 INFO o.a.j.JMeter: os.version=10.0
2025-02-03 20:11:38,848 INFO o.a.j.JMeter: file.encoding=UTF-8
2025-02-03 20:11:38,848 INFO o.a.j.JMeter: java.awt.headless=null
2025-02-03 20:11:38,848 INFO o.a.j.JMeter: Max memory     =1073741824
2025-02-03 20:11:38,848 INFO o.a.j.JMeter: Available Processors =12
2025-02-03 20:11:38,866 INFO o.a.j.JMeter: Default Locale=English (EN)
2025-02-03 20:11:38,867 INFO o.a.j.JMeter: JMeter  Locale=English (EN)
2025-02-03 20:11:38,867 INFO o.a.j.JMeter: JMeterHome=C:\Users\listra\Downloads\apache-jmeter-5.6.3\apache-jmeter-5.6.3
2025-02-03 20:11:38,867 INFO o.a.j.JMeter: user.dir  =C:\Users\listra\Downloads\apache-jmeter-5.6.3\apache-jmeter-5.6.3\bin
2025-02-03 20:11:38,868 INFO o.a.j.JMeter: PWD       =C:\Users\listra\Downloads\apache-jmeter-5.6.3\apache-jmeter-5.6.3\bin
2025-02-03 20:11:44,267 INFO o.a.j.JMeter: IP: 192.168.95.1 Name: MSI FullName: MSI
2025-02-03 20:11:44,290 INFO o.a.j.JMeter: Loaded icon properties from org/apache/jmeter/images/icon.properties
2025-02-03 20:11:44,674 INFO o.a.j.JMeterGuiLauncher: Setting LAF to: com.github.weisj.darklaf.DarkLaf:com.github.weisj.darklaf.theme.DarculaTheme
