2025-02-06 12:07:27,836 INFO o.a.j.u.JMeterUtils: Setting Locale to en_EN
2025-02-06 12:07:27,891 INFO o.a.j.JMeter: Loading user properties from: C:\Users\listra\Downloads\apache-jmeter-5.6.3\apache-jmeter-5.6.3\bin\user.properties
2025-02-06 12:07:27,893 INFO o.a.j.JMeter: Loading system properties from: C:\Users\listra\Downloads\apache-jmeter-5.6.3\apache-jmeter-5.6.3\bin\system.properties
2025-02-06 12:07:27,911 INFO o.a.j.JMeter: Copyright (c) 1998-2024 The Apache Software Foundation
2025-02-06 12:07:27,911 INFO o.a.j.JMeter: Version 5.6.3
2025-02-06 12:07:27,912 INFO o.a.j.JMeter: java.version=21.0.1
2025-02-06 12:07:27,912 INFO o.a.j.JMeter: java.vm.name=OpenJDK 64-Bit Server VM
2025-02-06 12:07:27,913 INFO o.a.j.JMeter: os.name=Windows 11
2025-02-06 12:07:27,914 INFO o.a.j.JMeter: os.arch=amd64
2025-02-06 12:07:27,914 INFO o.a.j.JMeter: os.version=10.0
2025-02-06 12:07:27,915 INFO o.a.j.JMeter: file.encoding=UTF-8
2025-02-06 12:07:27,915 INFO o.a.j.JMeter: java.awt.headless=true
2025-02-06 12:07:27,916 INFO o.a.j.JMeter: Max memory     =1073741824
2025-02-06 12:07:27,916 INFO o.a.j.JMeter: Available Processors =12
2025-02-06 12:07:27,954 INFO o.a.j.JMeter: Default Locale=English (EN)
2025-02-06 12:07:27,954 INFO o.a.j.JMeter: JMeter  Locale=English (EN)
2025-02-06 12:07:27,956 INFO o.a.j.JMeter: JMeterHome=C:\Users\listra\Downloads\apache-jmeter-5.6.3\apache-jmeter-5.6.3
2025-02-06 12:07:27,956 INFO o.a.j.JMeter: user.dir  =C:\Users\listra\Downloads\apache-jmeter-5.6.3\apache-jmeter-5.6.3\backups
2025-02-06 12:07:27,958 INFO o.a.j.JMeter: PWD       =C:\Users\listra\Downloads\apache-jmeter-5.6.3\apache-jmeter-5.6.3\backups
2025-02-06 12:07:32,930 INFO o.a.j.JMeter: IP: 192.168.95.1 Name: MSI FullName: MSI
2025-02-06 12:07:32,989 INFO o.a.j.JMeter: Setting property 'jmeter.reportgenerator.outputdir' to:'C:\Users\listra\Downloads\apache-jmeter-5.6.3\apache-jmeter-5.6.3\backups\report'
2025-02-06 12:07:33,002 INFO o.a.j.r.d.ReportGenerator: ReportGenerator will use for Parsing the separator: ','
2025-02-06 12:07:33,004 INFO o.a.j.r.d.ReportGenerator: Will only generate report from results file: report.jtl
2025-02-06 12:07:33,004 INFO o.a.j.r.d.ReportGenerator: Reading report generator properties from: C:\Users\listra\Downloads\apache-jmeter-5.6.3\apache-jmeter-5.6.3\bin\reportgenerator.properties
2025-02-06 12:07:33,009 INFO o.a.j.r.d.ReportGenerator: Merging with JMeter properties
2025-02-06 12:07:33,029 INFO o.a.j.r.c.ReportGeneratorConfiguration: Property 'jmeter.reportgenerator.temp_dir' not found, using default value 'temp' instead.
2025-02-06 12:07:33,039 INFO o.a.j.r.c.ReportGeneratorConfiguration: Property 'jmeter.reportgenerator.apdex_per_transaction' not found, using default value 'null' instead.
2025-02-06 12:07:33,081 INFO o.a.j.r.c.ReportGeneratorConfiguration: apdex_per_transaction is empty, not APDEX per transaction customization
2025-02-06 12:07:33,082 INFO o.a.j.r.c.ReportGeneratorConfiguration: Property 'jmeter.reportgenerator.sample_filter' not found, using default value 'null' instead.
2025-02-06 12:07:33,082 INFO o.a.j.r.c.ReportGeneratorConfiguration: Property 'jmeter.reportgenerator.report_title' not found, using default value 'null' instead.
2025-02-06 12:07:33,082 INFO o.a.j.r.c.ReportGeneratorConfiguration: Property 'jmeter.reportgenerator.start_date' not found, using default value 'null' instead.
2025-02-06 12:07:33,083 INFO o.a.j.r.c.ReportGeneratorConfiguration: Property 'jmeter.reportgenerator.end_date' not found, using default value 'null' instead.
2025-02-06 12:07:33,083 INFO o.a.j.r.c.ReportGeneratorConfiguration: Property 'jmeter.reportgenerator.date_format' not found, using default value 'null' instead.
2025-02-06 12:07:33,085 INFO o.a.j.r.c.ReportGeneratorConfiguration: Will use date range start date: null, end date: null
2025-02-06 12:07:33,109 INFO o.a.j.r.c.ReportGeneratorConfiguration: Property 'jmeter.reportgenerator.graph.totalTPS.exclude_controllers' not found, using default value 'false' instead.
2025-02-06 12:07:33,110 INFO o.a.j.r.c.ReportGeneratorConfiguration: Property 'jmeter.reportgenerator.graph.activeThreadsOverTime.exclude_controllers' not found, using default value 'false' instead.
2025-02-06 12:07:33,111 INFO o.a.j.r.c.ReportGeneratorConfiguration: Property 'jmeter.reportgenerator.graph.timeVsThreads.exclude_controllers' not found, using default value 'false' instead.
2025-02-06 12:07:33,111 INFO o.a.j.r.c.ReportGeneratorConfiguration: Property 'jmeter.reportgenerator.graph.responseTimeDistribution.exclude_controllers' not found, using default value 'false' instead.
2025-02-06 12:07:33,112 INFO o.a.j.r.c.ReportGeneratorConfiguration: Property 'jmeter.reportgenerator.graph.transactionsPerSecond.exclude_controllers' not found, using default value 'false' instead.
2025-02-06 12:07:33,112 INFO o.a.j.r.c.ReportGeneratorConfiguration: Property 'jmeter.reportgenerator.graph.responseTimePercentiles.exclude_controllers' not found, using default value 'false' instead.
2025-02-06 12:07:33,113 INFO o.a.j.r.c.ReportGeneratorConfiguration: Property 'jmeter.reportgenerator.graph.responseTimePercentilesOverTime.exclude_controllers' not found, using default value 'false' instead.
2025-02-06 12:07:33,114 INFO o.a.j.r.c.ReportGeneratorConfiguration: Property 'jmeter.reportgenerator.graph.responseTimesOverTime.exclude_controllers' not found, using default value 'false' instead.
2025-02-06 12:07:33,115 INFO o.a.j.r.c.ReportGeneratorConfiguration: Property 'jmeter.reportgenerator.graph.connectTimeOverTime.exclude_controllers' not found, using default value 'false' instead.
2025-02-06 12:07:33,115 INFO o.a.j.r.c.ReportGeneratorConfiguration: Property 'jmeter.reportgenerator.graph.latenciesOverTime.exclude_controllers' not found, using default value 'false' instead.
2025-02-06 12:07:33,120 INFO o.a.j.r.c.ReportGeneratorConfiguration: Property 'jmeter.reportgenerator.exporter.json.filters_only_sample_series' not found, using default value 'true' instead.
2025-02-06 12:07:33,121 INFO o.a.j.r.c.ReportGeneratorConfiguration: Property 'jmeter.reportgenerator.exporter.json.series_filter' not found, using default value '' instead.
2025-02-06 12:07:33,121 INFO o.a.j.r.c.ReportGeneratorConfiguration: Property 'jmeter.reportgenerator.exporter.json.show_controllers_only' not found, using default value 'false' instead.
2025-02-06 12:07:33,124 INFO o.a.j.r.c.ReportGeneratorConfiguration: Property 'jmeter.reportgenerator.exporter.html.filters_only_sample_series' not found, using default value 'true' instead.
2025-02-06 12:07:33,124 INFO o.a.j.r.c.ReportGeneratorConfiguration: Property 'jmeter.reportgenerator.exporter.html.series_filter' not found, using default value '' instead.
2025-02-06 12:07:33,125 INFO o.a.j.r.c.ReportGeneratorConfiguration: Property 'jmeter.reportgenerator.exporter.html.show_controllers_only' not found, using default value 'false' instead.
2025-02-06 12:07:34,034 INFO o.a.j.s.SaveService: Testplan (JMX) version: 2.2. Testlog (JTL) version: 2.2
2025-02-06 12:07:34,184 INFO o.a.j.s.SaveService: Using SaveService properties version 5.0
2025-02-06 12:07:34,195 INFO o.a.j.s.SaveService: Using SaveService properties file encoding UTF-8
2025-02-06 12:07:34,278 INFO o.a.j.r.p.NormalizerSampleConsumer: Using format, 'ms', to parse timeStamp field
2025-02-06 12:07:34,571 INFO o.a.j.r.p.AbstractSampleConsumer: class org.apache.jmeter.report.processor.AggregateConsumer#stopProducing(): beginDate produced 0 samples
2025-02-06 12:07:34,571 INFO o.a.j.r.p.AbstractSampleConsumer: class org.apache.jmeter.report.processor.AggregateConsumer#stopProducing(): endDate produced 0 samples
2025-02-06 12:07:34,578 INFO o.a.j.r.p.AbstractSampleConsumer: class org.apache.jmeter.report.processor.ApdexSummaryConsumer#stopProducing(): apdexSummary produced 0 samples
2025-02-06 12:07:34,578 INFO o.a.j.r.p.AbstractSampleConsumer: class org.apache.jmeter.report.processor.RequestsSummaryConsumer#stopProducing(): requestsSummary produced 0 samples
2025-02-06 12:07:34,609 INFO o.a.j.r.p.AbstractSampleConsumer: class org.apache.jmeter.report.processor.StatisticsSummaryConsumer#stopProducing(): statisticsSummary produced 0 samples
2025-02-06 12:07:34,616 INFO o.a.j.r.p.AbstractSampleConsumer: class org.apache.jmeter.report.processor.Top5ErrorsBySamplerConsumer#stopProducing(): top5ErrorsBySampler produced 0 samples
2025-02-06 12:07:34,617 INFO o.a.j.r.p.AbstractSampleConsumer: class org.apache.jmeter.report.processor.ErrorsSummaryConsumer#stopProducing(): errorsSummary produced 0 samples
2025-02-06 12:07:34,617 INFO o.a.j.r.p.AbstractSampleConsumer: class org.apache.jmeter.report.processor.graph.impl.HitsPerSecondGraphConsumer#stopProducing(): hitsPerSecond produced 0 samples
2025-02-06 12:07:34,681 INFO o.a.j.r.p.AbstractSampleConsumer: class org.apache.jmeter.report.processor.graph.impl.LatencyVSRequestGraphConsumer#stopProducing(): latencyVsRequest produced 0 samples
2025-02-06 12:07:34,682 INFO o.a.j.r.p.AbstractSampleConsumer: class org.apache.jmeter.report.processor.graph.impl.SyntheticResponseTimeDistributionGraphConsumer#stopProducing(): syntheticResponseTimeDistribution produced 0 samples
2025-02-06 12:07:34,684 INFO o.a.j.r.p.AbstractSampleConsumer: class org.apache.jmeter.report.processor.graph.impl.BytesThroughputGraphConsumer#stopProducing(): bytesThroughputOverTime produced 0 samples
2025-02-06 12:07:34,684 INFO o.a.j.r.p.AbstractSampleConsumer: class org.apache.jmeter.report.processor.graph.impl.CodesPerSecondGraphConsumer#stopProducing(): codesPerSecond produced 0 samples
2025-02-06 12:07:34,699 INFO o.a.j.r.p.AbstractSampleConsumer: class org.apache.jmeter.report.processor.graph.impl.ResponseTimeVSRequestGraphConsumer#stopProducing(): responseTimeVsRequest produced 0 samples
2025-02-06 12:07:34,699 INFO o.a.j.r.p.AbstractSampleConsumer: class org.apache.jmeter.report.processor.FilterConsumer#stopProducing(): startIntervalControlerFilter produced 56 samples
2025-02-06 12:07:34,700 INFO o.a.j.r.p.AbstractSampleConsumer: class org.apache.jmeter.report.processor.graph.impl.TotalTPSGraphConsumer#stopProducing(): totalTPS produced 0 samples
2025-02-06 12:07:34,701 INFO o.a.j.r.p.AbstractSampleConsumer: class org.apache.jmeter.report.processor.graph.impl.ActiveThreadsGraphConsumer#stopProducing(): activeThreadsOverTime produced 0 samples
2025-02-06 12:07:34,701 INFO o.a.j.r.p.AbstractSampleConsumer: class org.apache.jmeter.report.processor.graph.impl.TimeVSThreadGraphConsumer#stopProducing(): timeVsThreads produced 0 samples
2025-02-06 12:07:34,702 INFO o.a.j.r.p.AbstractSampleConsumer: class org.apache.jmeter.report.processor.graph.impl.ResponseTimeDistributionGraphConsumer#stopProducing(): responseTimeDistribution produced 0 samples
2025-02-06 12:07:34,703 INFO o.a.j.r.p.AbstractSampleConsumer: class org.apache.jmeter.report.processor.graph.impl.TransactionsPerSecondGraphConsumer#stopProducing(): transactionsPerSecond produced 0 samples
2025-02-06 12:07:34,703 INFO o.a.j.r.p.AbstractSampleConsumer: class org.apache.jmeter.report.processor.graph.impl.ResponseTimePercentilesGraphConsumer#stopProducing(): responseTimePercentiles produced 0 samples
2025-02-06 12:07:34,711 INFO o.a.j.r.p.AbstractSampleConsumer: class org.apache.jmeter.report.processor.graph.impl.ResponseTimePercentilesOverTimeGraphConsumer#stopProducing(): responseTimePercentilesOverTime produced 0 samples
2025-02-06 12:07:34,712 INFO o.a.j.r.p.AbstractSampleConsumer: class org.apache.jmeter.report.processor.graph.impl.ResponseTimeOverTimeGraphConsumer#stopProducing(): responseTimesOverTime produced 0 samples
2025-02-06 12:07:34,713 INFO o.a.j.r.p.AbstractSampleConsumer: class org.apache.jmeter.report.processor.graph.impl.ConnectTimeOverTimeGraphConsumer#stopProducing(): connectTimeOverTime produced 0 samples
2025-02-06 12:07:34,713 INFO o.a.j.r.p.AbstractSampleConsumer: class org.apache.jmeter.report.processor.graph.impl.LatencyOverTimeGraphConsumer#stopProducing(): latenciesOverTime produced 0 samples
2025-02-06 12:07:34,713 INFO o.a.j.r.p.AbstractSampleConsumer: class org.apache.jmeter.report.processor.FilterConsumer#stopProducing(): nameFilter produced 150 samples
2025-02-06 12:07:34,714 INFO o.a.j.r.p.AbstractSampleConsumer: class org.apache.jmeter.report.processor.FilterConsumer#stopProducing(): dateRangeFilter produced 30 samples
2025-02-06 12:07:34,714 INFO o.a.j.r.p.AbstractSampleConsumer: class org.apache.jmeter.report.processor.NormalizerSampleConsumer#stopProducing(): normalizer produced 10 samples
2025-02-06 12:07:34,716 INFO o.a.j.r.p.CsvFileSampleSource: produce(): 10 samples produced in 347ms on channel 0
2025-02-06 12:07:34,717 INFO o.a.j.r.d.ReportGenerator: Exporting data using exporter:'json' of className:'org.apache.jmeter.report.dashboard.JsonExporter'
2025-02-06 12:07:35,003 INFO o.a.j.r.d.JsonExporter: Found data for consumer statisticsSummary in context
2025-02-06 12:07:35,004 INFO o.a.j.r.d.JsonExporter: Creating statistics for overall
2025-02-06 12:07:35,006 INFO o.a.j.r.d.JsonExporter: Creating statistics for other transactions
2025-02-06 12:07:35,007 INFO o.a.j.r.d.JsonExporter: Checking output folder
2025-02-06 12:07:35,009 INFO o.a.j.r.d.JsonExporter: Writing statistics JSON to C:\Users\listra\Downloads\apache-jmeter-5.6.3\apache-jmeter-5.6.3\backups\report\statistics.json
2025-02-06 12:07:35,187 INFO o.a.j.r.d.ReportGenerator: Exporting data using exporter:'html' of className:'org.apache.jmeter.report.dashboard.HtmlTemplateExporter'
2025-02-06 12:07:35,196 INFO o.a.j.r.d.HtmlTemplateExporter: Will generate dashboard in folder: C:\Users\listra\Downloads\apache-jmeter-5.6.3\apache-jmeter-5.6.3\backups\report
2025-02-06 12:07:35,794 INFO o.a.j.r.d.HtmlTemplateExporter: Report will be generated in: C:\Users\listra\Downloads\apache-jmeter-5.6.3\apache-jmeter-5.6.3\backups\report, creating folder structure
2025-02-06 12:07:35,808 INFO o.a.j.r.d.TemplateVisitor: Copying folder from 'C:\Users\listra\Downloads\apache-jmeter-5.6.3\apache-jmeter-5.6.3\bin\report-template' to 'C:\Users\listra\Downloads\apache-jmeter-5.6.3\apache-jmeter-5.6.3\backups\report', got message: C:\Users\listra\Downloads\apache-jmeter-5.6.3\apache-jmeter-5.6.3\backups\report, found non empty folder with following content [C:\Users\listra\Downloads\apache-jmeter-5.6.3\apache-jmeter-5.6.3\backups\report\statistics.json], will be ignored
